Performing C SOURCE FILE Test CMAKE_HAVE_LIBC_PTHREAD failed with the following output:
Change Dir: /home/jungsu/catkin_ws/src/dfx_ground_robot/orb_feature_controller/cmake-build-debug/CMakeFiles/CMakeTmp

Run Build Command(s):/usr/bin/make -f Makefile cmTC_ef091/fast && /usr/bin/make  -f CMakeFiles/cmTC_ef091.dir/build.make CMakeFiles/cmTC_ef091.dir/build
make[1]: 디렉터리 '/home/jungsu/catkin_ws/src/dfx_ground_robot/orb_feature_controller/cmake-build-debug/CMakeFiles/CMakeTmp' 들어감
Building C object CMakeFiles/cmTC_ef091.dir/src.c.o
/usr/bin/cc -DCMAKE_HAVE_LIBC_PTHREAD   -o CMakeFiles/cmTC_ef091.dir/src.c.o -c /home/jungsu/catkin_ws/src/dfx_ground_robot/orb_feature_controller/cmake-build-debug/CMakeFiles/CMakeTmp/src.c
Linking C executable cmTC_ef091
/home/jungsu/clion-2022.2.1/bin/cmake/linux/bin/cmake -E cmake_link_script CMakeFiles/cmTC_ef091.dir/link.txt --verbose=1
/usr/bin/cc -rdynamic CMakeFiles/cmTC_ef091.dir/src.c.o -o cmTC_ef091 
/usr/bin/ld: CMakeFiles/cmTC_ef091.dir/src.c.o: in function `main':
src.c:(.text+0x46): undefined reference to `pthread_create'
/usr/bin/ld: src.c:(.text+0x52): undefined reference to `pthread_detach'
/usr/bin/ld: src.c:(.text+0x5e): undefined reference to `pthread_cancel'
/usr/bin/ld: src.c:(.text+0x6f): undefined reference to `pthread_join'
collect2: error: ld returned 1 exit status
make[1]: *** [CMakeFiles/cmTC_ef091.dir/build.make:99: cmTC_ef091] 오류 1
make[1]: 디렉터리 '/home/jungsu/catkin_ws/src/dfx_ground_robot/orb_feature_controller/cmake-build-debug/CMakeFiles/CMakeTmp' 나감
make: *** [Makefile:127: cmTC_ef091/fast] 오류 2


Source file was:
#include <pthread.h>

static void* test_func(void* data)
{
  return data;
}

int main(void)
{
  pthread_t thread;
  pthread_create(&thread, NULL, test_func, NULL);
  pthread_detach(thread);
  pthread_cancel(thread);
  pthread_join(thread, NULL);
  pthread_atfork(NULL, NULL, NULL);
  pthread_exit(NULL);

  return 0;
}

Determining if the function pthread_create exists in the pthreads failed with the following output:
Change Dir: /home/jungsu/catkin_ws/src/dfx_ground_robot/orb_feature_controller/cmake-build-debug/CMakeFiles/CMakeTmp

Run Build Command(s):/usr/bin/make -f Makefile cmTC_7dce6/fast && /usr/bin/make  -f CMakeFiles/cmTC_7dce6.dir/build.make CMakeFiles/cmTC_7dce6.dir/build
make[1]: 디렉터리 '/home/jungsu/catkin_ws/src/dfx_ground_robot/orb_feature_controller/cmake-build-debug/CMakeFiles/CMakeTmp' 들어감
Building C object CMakeFiles/cmTC_7dce6.dir/CheckFunctionExists.c.o
/usr/bin/cc   -DCHECK_FUNCTION_EXISTS=pthread_create -o CMakeFiles/cmTC_7dce6.dir/CheckFunctionExists.c.o -c /home/jungsu/clion-2022.2.1/bin/cmake/linux/share/cmake-3.23/Modules/CheckFunctionExists.c
Linking C executable cmTC_7dce6
/home/jungsu/clion-2022.2.1/bin/cmake/linux/bin/cmake -E cmake_link_script CMakeFiles/cmTC_7dce6.dir/link.txt --verbose=1
/usr/bin/cc  -DCHECK_FUNCTION_EXISTS=pthread_create -rdynamic CMakeFiles/cmTC_7dce6.dir/CheckFunctionExists.c.o -o cmTC_7dce6  -lpthreads 
/usr/bin/ld: cannot find -lpthreads
collect2: error: ld returned 1 exit status
make[1]: *** [CMakeFiles/cmTC_7dce6.dir/build.make:99: cmTC_7dce6] 오류 1
make[1]: 디렉터리 '/home/jungsu/catkin_ws/src/dfx_ground_robot/orb_feature_controller/cmake-build-debug/CMakeFiles/CMakeTmp' 나감
make: *** [Makefile:127: cmTC_7dce6/fast] 오류 2



